{"/mnt/d/Dev/mc2dev/FSM/week-03/exercise-01-tests/juros.js": {"path":"/mnt/d/Dev/mc2dev/FSM/week-03/exercise-01-tests/juros.js","statementMap":{"0":{"start":{"line":8,"column":23},"end":{"line":8,"column":34}},"1":{"start":{"line":9,"column":2},"end":{"line":9,"column":63}},"2":{"start":{"line":16,"column":24},"end":{"line":21,"column":1}},"3":{"start":{"line":17,"column":2},"end":{"line":20,"column":3}},"4":{"start":{"line":18,"column":28},"end":{"line":18,"column":63}},"5":{"start":{"line":19,"column":4},"end":{"line":19,"column":36}},"6":{"start":{"line":29,"column":31},"end":{"line":34,"column":1}},"7":{"start":{"line":30,"column":23},"end":{"line":30,"column":34}},"8":{"start":{"line":31,"column":19},"end":{"line":31,"column":56}},"9":{"start":{"line":33,"column":2},"end":{"line":33,"column":17}},"10":{"start":{"line":41,"column":23},"end":{"line":44,"column":1}},"11":{"start":{"line":42,"column":2},"end":{"line":43,"column":59}},"12":{"start":{"line":43,"column":4},"end":{"line":43,"column":59}},"13":{"start":{"line":46,"column":0},"end":{"line":55,"column":1}}},"fnMap":{"0":{"name":"jurosSimples","decl":{"start":{"line":7,"column":9},"end":{"line":7,"column":21}},"loc":{"start":{"line":7,"column":45},"end":{"line":10,"column":1}},"line":7},"1":{"name":"(anonymous_1)","decl":{"start":{"line":16,"column":24},"end":{"line":16,"column":25}},"loc":{"start":{"line":16,"column":46},"end":{"line":21,"column":1}},"line":16},"2":{"name":"(anonymous_2)","decl":{"start":{"line":17,"column":9},"end":{"line":17,"column":10}},"loc":{"start":{"line":17,"column":36},"end":{"line":20,"column":3}},"line":17},"3":{"name":"(anonymous_3)","decl":{"start":{"line":29,"column":31},"end":{"line":29,"column":32}},"loc":{"start":{"line":29,"column":58},"end":{"line":34,"column":1}},"line":29},"4":{"name":"(anonymous_4)","decl":{"start":{"line":41,"column":23},"end":{"line":41,"column":24}},"loc":{"start":{"line":41,"column":55},"end":{"line":44,"column":1}},"line":41},"5":{"name":"(anonymous_5)","decl":{"start":{"line":42,"column":9},"end":{"line":42,"column":10}},"loc":{"start":{"line":43,"column":4},"end":{"line":43,"column":59}},"line":43}},"branchMap":{},"s":{"0":2,"1":2,"2":1,"3":2,"4":1,"5":1,"6":1,"7":1,"8":1,"9":1,"10":1,"11":2,"12":1,"13":1},"f":{"0":2,"1":2,"2":1,"3":1,"4":2,"5":1},"b":{},"_coverageSchema":"1a1c01bbd47fc00a2c39e90264f33305004495a9","hash":"8a270da280ee811839236ffef1071004feb71a6d"}
}
