{"/mnt/d/Dev/mc2dev/FSM/week-03/exercise-01-tests/juros.js": {"path":"/mnt/d/Dev/mc2dev/FSM/week-03/exercise-01-tests/juros.js","statementMap":{"0":{"start":{"line":2,"column":23},"end":{"line":2,"column":34}},"1":{"start":{"line":3,"column":2},"end":{"line":3,"column":63}},"2":{"start":{"line":6,"column":0},"end":{"line":8,"column":1}}},"fnMap":{"0":{"name":"calcJuros","decl":{"start":{"line":1,"column":9},"end":{"line":1,"column":18}},"loc":{"start":{"line":1,"column":42},"end":{"line":4,"column":1}},"line":1}},"branchMap":{},"s":{"0":1,"1":1,"2":2},"f":{"0":1},"b":{},"_coverageSchema":"1a1c01bbd47fc00a2c39e90264f33305004495a9","hash":"242dfd72a45287709186d66c392e15011c7990f8"}
,"/mnt/d/Dev/mc2dev/FSM/week-03/exercise-01-tests/montante-juros-compostos.js": {"path":"/mnt/d/Dev/mc2dev/FSM/week-03/exercise-01-tests/montante-juros-compostos.js","statementMap":{"0":{"start":{"line":7,"column":31},"end":{"line":18,"column":1}},"1":{"start":{"line":7,"column":53},"end":{"line":18,"column":1}},"2":{"start":{"line":12,"column":23},"end":{"line":12,"column":34}},"3":{"start":{"line":13,"column":19},"end":{"line":13,"column":56}},"4":{"start":{"line":14,"column":2},"end":{"line":17,"column":3}},"5":{"start":{"line":20,"column":21},"end":{"line":22,"column":1}},"6":{"start":{"line":21,"column":2},"end":{"line":21,"column":27}},"7":{"start":{"line":24,"column":0},"end":{"line":30,"column":1}}},"fnMap":{"0":{"name":"(anonymous_0)","decl":{"start":{"line":7,"column":31},"end":{"line":7,"column":32}},"loc":{"start":{"line":7,"column":53},"end":{"line":18,"column":1}},"line":7},"1":{"name":"(anonymous_1)","decl":{"start":{"line":7,"column":53},"end":{"line":7,"column":54}},"loc":{"start":{"line":11,"column":5},"end":{"line":18,"column":1}},"line":11},"2":{"name":"(anonymous_2)","decl":{"start":{"line":20,"column":21},"end":{"line":20,"column":22}},"loc":{"start":{"line":20,"column":44},"end":{"line":22,"column":1}},"line":20}},"branchMap":{},"s":{"0":1,"1":2,"2":1,"3":1,"4":1,"5":1,"6":1,"7":1},"f":{"0":2,"1":1,"2":1},"b":{},"_coverageSchema":"1a1c01bbd47fc00a2c39e90264f33305004495a9","hash":"e99e358448b6cfcb673a79332c6a98ff4982a980"}
,"/mnt/d/Dev/mc2dev/FSM/week-03/exercise-01-tests/montante-juros-simples.js": {"path":"/mnt/d/Dev/mc2dev/FSM/week-03/exercise-01-tests/montante-juros-simples.js","statementMap":{"0":{"start":{"line":1,"column":22},"end":{"line":1,"column":40}},"1":{"start":{"line":3,"column":33},"end":{"line":10,"column":1}},"2":{"start":{"line":3,"column":55},"end":{"line":10,"column":1}},"3":{"start":{"line":8,"column":26},"end":{"line":8,"column":61}},"4":{"start":{"line":9,"column":2},"end":{"line":9,"column":34}},"5":{"start":{"line":12,"column":0},"end":{"line":19,"column":1}}},"fnMap":{"0":{"name":"(anonymous_0)","decl":{"start":{"line":3,"column":33},"end":{"line":3,"column":34}},"loc":{"start":{"line":3,"column":55},"end":{"line":10,"column":1}},"line":3},"1":{"name":"(anonymous_1)","decl":{"start":{"line":3,"column":55},"end":{"line":3,"column":56}},"loc":{"start":{"line":7,"column":5},"end":{"line":10,"column":1}},"line":7}},"branchMap":{},"s":{"0":1,"1":1,"2":2,"3":1,"4":1,"5":1},"f":{"0":2,"1":1},"b":{},"_coverageSchema":"1a1c01bbd47fc00a2c39e90264f33305004495a9","hash":"cde9b5671b6a5aee327a34ed1cc0c1fb0ea58014"}
}
