{"/mnt/d/Dev/mc2dev/FSM/week-02/convertMyMoney/src/lib/convert.js": {"path":"/mnt/d/Dev/mc2dev/FSM/week-02/convertMyMoney/src/lib/convert.js","statementMap":{"0":{"start":{"line":1,"column":16},"end":{"line":3,"column":1}},"1":{"start":{"line":2,"column":2},"end":{"line":2,"column":23}},"2":{"start":{"line":5,"column":16},"end":{"line":7,"column":1}},"3":{"start":{"line":6,"column":2},"end":{"line":6,"column":37}},"4":{"start":{"line":9,"column":0},"end":{"line":12,"column":1}}},"fnMap":{"0":{"name":"(anonymous_0)","decl":{"start":{"line":1,"column":16},"end":{"line":1,"column":17}},"loc":{"start":{"line":1,"column":35},"end":{"line":3,"column":1}},"line":1},"1":{"name":"(anonymous_1)","decl":{"start":{"line":5,"column":16},"end":{"line":5,"column":17}},"loc":{"start":{"line":5,"column":25},"end":{"line":7,"column":1}},"line":5}},"branchMap":{},"s":{"0":1,"1":3,"2":1,"3":2,"4":1},"f":{"0":3,"1":2},"b":{},"_coverageSchema":"43e27e138ebf9cfc5966b082cf9a028302ed4184","hash":"2e0a2d694caa762f8d9fe3c523f813f40d29a6e7"}
,"/mnt/d/Dev/mc2dev/FSM/week-02/convertMyMoney/src/lib/exchange-api.js": {"path":"/mnt/d/Dev/mc2dev/FSM/week-02/convertMyMoney/src/lib/exchange-api.js","statementMap":{"0":{"start":{"line":1,"column":14},"end":{"line":1,"column":30}},"1":{"start":{"line":2,"column":15},"end":{"line":2,"column":72}},"2":{"start":{"line":4,"column":27},"end":{"line":4,"column":48}},"3":{"start":{"line":4,"column":34},"end":{"line":4,"column":48}},"4":{"start":{"line":5,"column":28},"end":{"line":5,"column":51}},"5":{"start":{"line":5,"column":35},"end":{"line":5,"column":51}},"6":{"start":{"line":7,"column":24},"end":{"line":18,"column":1}},"7":{"start":{"line":10,"column":6},"end":{"line":18,"column":1}},"8":{"start":{"line":11,"column":2},"end":{"line":17,"column":3}},"9":{"start":{"line":12,"column":16},"end":{"line":12,"column":48}},"10":{"start":{"line":13,"column":25},"end":{"line":13,"column":49}},"11":{"start":{"line":14,"column":4},"end":{"line":14,"column":23}},"12":{"start":{"line":16,"column":4},"end":{"line":16,"column":13}},"13":{"start":{"line":20,"column":0},"end":{"line":30,"column":1}}},"fnMap":{"0":{"name":"(anonymous_0)","decl":{"start":{"line":4,"column":27},"end":{"line":4,"column":28}},"loc":{"start":{"line":4,"column":34},"end":{"line":4,"column":48}},"line":4},"1":{"name":"(anonymous_1)","decl":{"start":{"line":5,"column":28},"end":{"line":5,"column":29}},"loc":{"start":{"line":5,"column":35},"end":{"line":5,"column":51}},"line":5},"2":{"name":"(anonymous_2)","decl":{"start":{"line":7,"column":24},"end":{"line":7,"column":25}},"loc":{"start":{"line":10,"column":6},"end":{"line":18,"column":1}},"line":10},"3":{"name":"(anonymous_3)","decl":{"start":{"line":10,"column":6},"end":{"line":10,"column":7}},"loc":{"start":{"line":10,"column":18},"end":{"line":18,"column":1}},"line":10}},"branchMap":{},"s":{"0":1,"1":1,"2":1,"3":1,"4":1,"5":1,"6":1,"7":3,"8":2,"9":2,"10":1,"11":1,"12":1,"13":1},"f":{"0":1,"1":1,"2":3,"3":2},"b":{},"_coverageSchema":"43e27e138ebf9cfc5966b082cf9a028302ed4184","hash":"81d12256d29d43be1ed64ea593b4b414fcd1e903"}
}
