TN:
SF:/mnt/d/Dev/mc2dev/FSM/week-02/convertMyMoney/src/lib/convert.js
FN:1,(anonymous_0)
FN:5,(anonymous_1)
FNF:2
FNH:2
FNDA:3,(anonymous_0)
FNDA:2,(anonymous_1)
DA:1,1
DA:2,3
DA:5,1
DA:6,2
DA:9,1
LF:5
LH:5
BRF:0
BRH:0
end_of_record
TN:
SF:/mnt/d/Dev/mc2dev/FSM/week-02/convertMyMoney/src/lib/exchange-api.js
FN:4,(anonymous_0)
FN:5,(anonymous_1)
FN:7,(anonymous_2)
FN:10,(anonymous_3)
FNF:4
FNH:4
FNDA:1,(anonymous_0)
FNDA:1,(anonymous_1)
FNDA:3,(anonymous_2)
FNDA:2,(anonymous_3)
DA:1,1
DA:2,1
DA:4,1
DA:5,1
DA:7,1
DA:10,3
DA:11,2
DA:12,2
DA:13,1
DA:14,1
DA:16,1
DA:20,1
LF:12
LH:12
BRF:0
BRH:0
end_of_record
